C51 COMPILER V9.56.0.0   MAIN                                                              12/30/2016 14:45:32 PAGE 1   


C51 COMPILER V9.56.0.0, COMPILATION OF MODULE MAIN
OBJECT MODULE PLACED IN main.OBJ
COMPILER INVOKED BY: F:\Keil_v5\C51\BIN\C51.EXE main.c OPTIMIZE(8,SPEED) BROWSE DEBUG OBJECTEXTEND

line level    source

   1          #include <reg52.h>
   2          #include "main.h"
   3          
   4          unsigned char code tab[] = {0, 1, 2, 3, 4, 5, 6, 7, 8, 9, 10};
   5          
   6          void main()
   7          {
   8   1              init_mcu();
   9   1              lcd_init();     
  10   1              Ds1302Init();
  11   1              while(1) {
  12   2                      Ds1302ReadTime();
  13   2                      dis_lcd();
  14   2              }
  15   1      }
  16          
  17          void init_mcu()
  18          {
  19   1              
  20   1      }
  21          
  22          void dis_lcd()
  23          {
  24   1              lcd_dis1(1, 2, "2");
  25   1              lcd_dis1(1, 3, "0");
  26   1              lcd_dis2(1, 4, tab[TIME[6]/16]);
  27   1              lcd_dis2(1, 5, tab[TIME[6]%16]);
  28   1              lcd_dis1(1, 6, "-");
  29   1              lcd_dis2(1, 7, tab[TIME[4]/16]);
  30   1              lcd_dis2(1, 8, tab[TIME[4]%16]);
  31   1              lcd_dis1(1, 9, "-");
  32   1              lcd_dis2(1, 10, tab[TIME[3]/16]);
  33   1              lcd_dis2(1, 11, tab[TIME[3]%16]);
  34   1              lcd_dis1(1, 12, "-");
  35   1              lcd_dis2(1, 13, tab[TIME[5]%16]);
  36   1              
  37   1              lcd_dis2(2, 4, tab[TIME[2]/16]);
  38   1              lcd_dis2(2, 5, tab[TIME[2]%16]);
  39   1              lcd_dis1(2, 6, ":");
  40   1              lcd_dis2(2, 7, tab[TIME[1]/16]);
  41   1              lcd_dis2(2, 8, tab[TIME[1]%16]);
  42   1              lcd_dis1(2, 9, ":");
  43   1              lcd_dis2(2, 10, tab[TIME[0]/16]);
  44   1              lcd_dis2(2, 11, tab[TIME[0]%16]);
  45   1      }


MODULE INFORMATION:   STATIC OVERLAYABLE
   CODE SIZE        =    323    ----
   CONSTANT SIZE    =     19    ----
   XDATA SIZE       =   ----    ----
   PDATA SIZE       =   ----    ----
   DATA SIZE        =   ----    ----
   IDATA SIZE       =   ----    ----
   BIT SIZE         =   ----    ----
C51 COMPILER V9.56.0.0   MAIN                                                              12/30/2016 14:45:32 PAGE 2   

END OF MODULE INFORMATION.


C51 COMPILATION COMPLETE.  0 WARNING(S),  0 ERROR(S)
