C51 COMPILER V9.56.0.0   LED                                                               11/18/2016 16:47:42 PAGE 1   


C51 COMPILER V9.56.0.0, COMPILATION OF MODULE LED
OBJECT MODULE PLACED IN led.OBJ
COMPILER INVOKED BY: F:\Keil_v5\C51\BIN\C51.EXE led.c OPTIMIZE(8,SPEED) BROWSE DEBUG OBJECTEXTEND

line level    source

   1          #include "main.h"
   2          
   3          /*------------------------------------------------
   4                        显示多位数码管子程序
   5          ------------------------------------------------*/
   6          void displayChar(u8* buf, u8 lth)
   7          {
   8   1              u8 i;
   9   1              if(lth>8) lth = 8;
  10   1              for(i=0; i<lth; i++)
  11   1              {
  12   2                      displayLed(buf[i], i);  
  13   2                      delay300us();
  14   2              }
  15   1              for(; i<8;i++) 
  16   1              {
  17   2                      displayLed(10, i);
  18   2                      delay300us();                   
  19   2              }
  20   1      }
  21                                                            
  22          /*------------------------------------------------
  23                         显示单独数码管子程序
  24                  
  25                  set ledteble[seg] in num address
  26                  num:0-7
  27                  seg:0-10
  28          ------------------------------------------------*/
  29          void displayLed(u8 seg, u8 num)
  30          {
  31   1              P0 = 0;   
  32   1              if(seg > 10 || num > 7) return;
  33   1              tep &= ~(7<<2);  
  34   1              tep |= num<<2;   
  35   1              P2 = tep;
  36   1              _nop_();
  37   1              _nop_();
  38   1              P0 = ledteble[seg];
  39   1              _nop_();
  40   1      }


MODULE INFORMATION:   STATIC OVERLAYABLE
   CODE SIZE        =    116    ----
   CONSTANT SIZE    =     11    ----
   XDATA SIZE       =   ----    ----
   PDATA SIZE       =   ----    ----
   DATA SIZE        =      9       5
   IDATA SIZE       =   ----    ----
   BIT SIZE         =   ----    ----
END OF MODULE INFORMATION.


C51 COMPILATION COMPLETE.  0 WARNING(S),  0 ERROR(S)
