C51 COMPILER V9.56.0.0   MAIN                                                              12/30/2016 16:35:29 PAGE 1   


C51 COMPILER V9.56.0.0, COMPILATION OF MODULE MAIN
OBJECT MODULE PLACED IN main.OBJ
COMPILER INVOKED BY: F:\Keil_v5\C51\BIN\C51.EXE main.c OPTIMIZE(8,SPEED) BROWSE DEBUG OBJECTEXTEND

line level    source

   1          /*-----------------------------------------------
   2            名称：通过定时0产生2KHz方波
   3            编写：hongXkeX
   4            日期：2016.11.17
   5            修改：无
   6          ------------------------------------------------*/
   7          
   8          #include "main.h"
   9          
  10          sbit hc573_le = P1^0;
  11          unsigned char tep = 0;
  12          unsigned char code ledteble[11] = {0x3f,0x06,0x5b,0x4f,0x66,0x6d,0x7d,0x07,0x7f,0x6f,0};
  13          unsigned char Disbuff[9] = {0,0,0,2};
  14          unsigned char k = 0;
  15          u8 s = 0;
  16          
  17          /*------------------------------------------------
  18                              主程序
  19          ------------------------------------------------*/
  20          void main()
  21          {
  22   1              init();
  23   1              EA = 1;         //总中断打开
  24   1              while(1) 
  25   1              {
  26   2                      //静态扫面
  27   2                      //displayLed(1, 1);
  28   2                      //displayLed(2, 1);
  29   2                      //delayms(2);
  30   2                      
  31   2                      // 动态扫描
  32   2                      /*
  33   2                      u8 i;
  34   2                      for(i=0; i<8; i++) 
  35   2                      {
  36   2                              displayLed(i+1, i);
  37   2                              delay300us();
  38   2                      }
  39   2                      */      
  40   2      //              displayChar2(Disbuff, 3, 3);            
  41   2      //              displayChar(Disbuff, 3);
  42   2                      displayChar(Disbuff, 2);
  43   2                      if( k >= 10 ) {          // 500ms   k >= 20 is for 1s
  44   3                              k = 0;
  45   3                              s++;
  46   3                              if(s > 11) s = 0;
  47   3                              Disbuff[1] = s/10;
  48   3                              Disbuff[2] = s%10;
  49   3                      }
  50   2              }               
  51   1      }
  52          
  53          
  54          /*------------------------------------------------
  55                       单片机初始化子程序
C51 COMPILER V9.56.0.0   MAIN                                                              12/30/2016 16:35:29 PAGE 2   

  56          ------------------------------------------------*/
  57          void init()
  58          {
  59   1              t0_init();
  60   1              P2 = 0xff;
  61   1              hc573_le = 1;
  62   1      }
  63          
  64          /*------------------------------------------------
  65                        显示多位数码管子程序 1
  66          ------------------------------------------------*/
  67          void displayChar(u8* buf, u8 len)
  68          {
  69   1              u8 i;
  70   1              if( len > 8 )  len = 8;
  71   1              for(i = 1; i <= len; i++ )
  72   1              {
  73   2                      displayLed(i, buf[i]);  
  74   2                      delay300us();
  75   2              }
  76   1              for( ; i <= 8; i++ ) 
  77   1              {
  78   2                      displayLed(i, 10);
  79   2                      delay300us();                   
  80   2              }
  81   1      }
  82          
  83          
  84          /*------------------------------------------------
  85                        显示多位数码管子程序 2
  86          ------------------------------------------------*/
  87          void displayChar2(u8* buf, u8 begin, u8 len)
  88          {
  89   1              u8 i;
  90   1              if( (begin + len) > 8 )  len = 8 - begin;
  91   1              for(i = 1; i <= len; i++ )
  92   1              {
  93   2                      displayLed(begin, buf[i]);      
  94   2                      delay300us();
  95   2                      begin++;
  96   2              }
  97   1              for( ; i <= 8; i++ ) 
  98   1              {
  99   2                      displayLed(i, 10);
 100   2                      delay300us();                   
 101   2              }
 102   1      }
 103          
 104                                                            
 105          /*------------------------------------------------
 106                         显示单独数码管子程序
 107                  
 108                  show ledteble[seg] in add
 109                  add:1 2 3 4 5 6 7 8
 110                  seg:0 ~ 9    10 is none
 111          ------------------------------------------------*/
 112          void displayLed(u8 add, u8 seg)
 113          {
 114   1              P0 = 0;   
 115   1              if(seg > 10 || add > 7) return;
 116   1              add = 8 - add;                          // 优化                 
 117   1              tep &= ~(7<<2);  
C51 COMPILER V9.56.0.0   MAIN                                                              12/30/2016 16:35:29 PAGE 3   

 118   1              tep |= add<<2;   
 119   1              P2 = tep;
 120   1              _nop_();
 121   1              _nop_();
 122   1              P0 = ledteble[seg];
 123   1              _nop_();
 124   1      }
 125          
 126          /*------------------------------------------------
 127                        定时器0初始化子程序
 128          ------------------------------------------------*/
 129          void t0_init()
 130          {
 131   1              TMOD &= (0xf0);            
 132   1              TMOD |= (0x01);     //使用模式1，16位定时器
 133   1      
 134   1              TH0 = (65536-50000)/256;
 135   1              TL0 = (65536-50000)%256;
 136   1              
 137   1              ET0 = 1;                //定时器中断打开
 138   1              TR0 = 1;                //定时器开关打开
 139   1      }
 140          
 141          /*------------------------------------------------
 142                          定时器0中断子程序
 143          ------------------------------------------------*/
 144          void t0_isr() interrupt 1
 145          {
 146   1              TH0 = (65536-50000)/256;    
 147   1              TL0 = (65536-50000)%256;   
 148   1          k++;
 149   1      }
 150          


MODULE INFORMATION:   STATIC OVERLAYABLE
   CODE SIZE        =    305    ----
   CONSTANT SIZE    =     11    ----
   XDATA SIZE       =   ----    ----
   PDATA SIZE       =   ----    ----
   DATA SIZE        =     12      11
   IDATA SIZE       =   ----    ----
   BIT SIZE         =   ----    ----
END OF MODULE INFORMATION.


C51 COMPILATION COMPLETE.  0 WARNING(S),  0 ERROR(S)
