C51 COMPILER V9.01   DELAY                                                                 11/14/2016 16:20:03 PAGE 1   


C51 COMPILER V9.01, COMPILATION OF MODULE DELAY
OBJECT MODULE PLACED IN delay.OBJ
COMPILER INVOKED BY: F:\Program Files\Keil_v5\C51\BIN\C51.EXE delay.c BROWSE DEBUG OBJECTEXTEND

line level    source

   1          #include"main.h"
   2          
   3          void delay1ms()
   4          {
   5   1              u8 i, j;
   6   1              i = 12;
   7   1              j = 169;
   8   1              do
   9   1              {
  10   2                      while (--j);
  11   2              } while (--i);
  12   1      }
  13          
  14          void delayms(u16 x)
  15          {
*** WARNING C235 IN LINE 15 OF DELAY.C: parameter 1: different types
  16   1              u16 i,j;
  17   1              for(i=x; i>0; i--)
  18   1                      for(j=111; j>0; j--);
  19   1      }
  20          
  21          


MODULE INFORMATION:   STATIC OVERLAYABLE
   CODE SIZE        =     39    ----
   CONSTANT SIZE    =   ----    ----
   XDATA SIZE       =   ----    ----
   PDATA SIZE       =   ----    ----
   DATA SIZE        =   ----    ----
   IDATA SIZE       =   ----    ----
   BIT SIZE         =   ----    ----
END OF MODULE INFORMATION.


C51 COMPILATION COMPLETE.  1 WARNING(S),  0 ERROR(S)
