C51 COMPILER V9.01   MAIN                                                                  11/14/2016 16:16:55 PAGE 1   


C51 COMPILER V9.01, COMPILATION OF MODULE MAIN
OBJECT MODULE PLACED IN main.OBJ
COMPILER INVOKED BY: F:\Program Files\Keil_v5\C51\BIN\C51.EXE main.c BROWSE DEBUG OBJECTEXTEND

line level    source

   1          #include"main.h"
   2          
   3          u8 i = 0;
   4          u8 t = 0;
   5          
   6          void main()
   7          {
   8   1              init_mcu();
   9   1              while(1) 
  10   1              {
  11   2                      dis_cled();                             
  12   2              }               
  13   1      }
  14          
  15          /*
  16                  库函数实现流水灯
  17                  by hongXkeX
  18                  2016.11.3
  19          */
  20          void dis_cled()
  21          {
  22   1              t = 0xfe;
  23   1              for(i=0; i<7; i++)
  24   1              {
  25   2                      P2 = t;
  26   2                      delayms(100);
  27   2                      t = _crol_(t,1);
  28   2              }
  29   1      
  30   1              t = 0x7f;
  31   1              for(i=0; i<7; i++)
  32   1              {
  33   2                      P2 = t;
  34   2                      delayms(100);
  35   2                      t = _cror_(t,1);
  36   2              }       
  37   1      }
  38          
  39          void init_mcu()
  40          {
  41   1              P2 = 0xff;
  42   1      }


MODULE INFORMATION:   STATIC OVERLAYABLE
   CODE SIZE        =     89    ----
   CONSTANT SIZE    =   ----    ----
   XDATA SIZE       =   ----    ----
   PDATA SIZE       =   ----    ----
   DATA SIZE        =      2    ----
   IDATA SIZE       =   ----    ----
   BIT SIZE         =   ----    ----
END OF MODULE INFORMATION.


C51 COMPILATION COMPLETE.  0 WARNING(S),  0 ERROR(S)
