C51 COMPILER V9.01   DELAY                                                                 11/14/2016 16:13:24 PAGE 1   


C51 COMPILER V9.01, COMPILATION OF MODULE DELAY
OBJECT MODULE PLACED IN delay.OBJ
COMPILER INVOKED BY: F:\Program Files\Keil_v5\C51\BIN\C51.EXE delay.c BROWSE DEBUG OBJECTEXTEND

line level    source

   1          #include"main.h"
   2          
   3          void delay1ms()
   4          {
   5   1              u8 i, j;
   6   1              i = 12;
   7   1              j = 169;
   8   1              do
   9   1              {
  10   2                      while (--j);
  11   2              } while (--i);
  12   1      }
  13          
  14          void delay500ms()               //@12.000MHz
  15          {
  16   1              unsigned char i, j, k;
  17   1              _nop_();
  18   1              _nop_();
  19   1              i = 23;
  20   1              j = 205;
  21   1              k = 120;
  22   1              do
  23   1              {
  24   2                      do
  25   2                      {
  26   3                              while (--k);
  27   3                      } while (--j);
  28   2              } while (--i);
  29   1      }
  30          
  31          
  32          void delay_ms(u16 ms) 
  33          {
  34   1              while(ms--) 
  35   1              {
  36   2                      delay1ms();     
  37   2              }       
  38   1      }
  39          


MODULE INFORMATION:   STATIC OVERLAYABLE
   CODE SIZE        =     44    ----
   CONSTANT SIZE    =   ----    ----
   XDATA SIZE       =   ----    ----
   PDATA SIZE       =   ----    ----
   DATA SIZE        =   ----    ----
   IDATA SIZE       =   ----    ----
   BIT SIZE         =   ----    ----
END OF MODULE INFORMATION.


C51 COMPILATION COMPLETE.  0 WARNING(S),  0 ERROR(S)
