C51 COMPILER V9.01   MAIN                                                                  11/14/2016 16:14:56 PAGE 1   


C51 COMPILER V9.01, COMPILATION OF MODULE MAIN
OBJECT MODULE PLACED IN main.OBJ
COMPILER INVOKED BY: F:\Program Files\Keil_v5\C51\BIN\C51.EXE main.c BROWSE DEBUG OBJECTEXTEND

line level    source

   1          #include"main.h"
   2          
   3          sbit led1 = P2^0;
   4          
   5          void main()
   6          {
   7   1              init_mcu();
   8   1              t0_init();
   9   1              EA = 1;
  10   1              while(1) 
  11   1              {
  12   2                                                      
  13   2              }               
  14   1      }
  15          
  16          void init_mcu()
  17          {
  18   1              P2 = 0xff;
  19   1      }
  20          
  21          void t0_init()
  22          {
  23   1              TMOD &= (0xf0);        // TMOD = XXXX0000          
  24   1              TMOD |= (0x01);             // TMOD = XXXX0001
  25   1              // 12M 一个机器周期1us   
  26   1              TH0 = (65536-50000)/256;// 50ms 中断一次
  27   1              TL0 = (65536-50000)%256;
  28   1              
  29   1              ET0 = 1;                                // 开定时器0中断
  30   1              TR0 = 1;                                // 启动定时器0
  31   1      }
  32          
  33          void t0_isr() interrupt 1
  34          {
  35   1              static u8 k = 0;
  36   1              TH0 = (65536-50000)/256;
  37   1              TL0 = (65536-50000)%256;
  38   1              k++;
  39   1              if(k>=10) {
  40   2                      k = 0;
  41   2                      led1 = ~led1;
  42   2              }
  43   1      }


MODULE INFORMATION:   STATIC OVERLAYABLE
   CODE SIZE        =     60    ----
   CONSTANT SIZE    =   ----    ----
   XDATA SIZE       =   ----    ----
   PDATA SIZE       =   ----    ----
   DATA SIZE        =      1    ----
   IDATA SIZE       =   ----    ----
   BIT SIZE         =   ----    ----
END OF MODULE INFORMATION.


C51 COMPILATION COMPLETE.  0 WARNING(S),  0 ERROR(S)
