C51 COMPILER V9.56.0.0   MAIN                                                              12/30/2016 14:17:46 PAGE 1   


C51 COMPILER V9.56.0.0, COMPILATION OF MODULE MAIN
OBJECT MODULE PLACED IN main.OBJ
COMPILER INVOKED BY: F:\Keil_v5\C51\BIN\C51.EXE main.c OPTIMIZE(8,SPEED) BROWSE DEBUG OBJECTEXTEND

line level    source

   1          #include "main.h"
   2          
   3          u8 i = 0;
   4          u8 flag = 1;
   5          
   6          void main()
   7          {
   8   1              init_mcu();
   9   1              t0_init();
  10   1              EA = 1;
  11   1              while(1) 
  12   1              {
  13   2              
  14   2              }               
  15   1      }
  16          
  17          void init_mcu()
  18          {
  19   1              P2 = 0xff;
  20   1      }
  21          
  22          void t0_init()
  23          {
  24   1              TMOD &= (0xf0);        // TMOD = XXXX0000          
  25   1              TMOD |= (0x01);             // TMOD = XXXX0001
  26   1              // 12M 一个机器周期1us   
  27   1              TH0 = (65536-5000)/256; // 5ms 中断一次
  28   1              TL0 = (65536-5000)%256;
  29   1              
  30   1              ET0 = 1;                                // 开定时器0中断
  31   1              TR0 = 1;                                // 启动定时器0
  32   1      }
  33          
  34          void t0_isr() interrupt 1
  35          {
  36   1              static u8 k = 0;
  37   1              TH0 = (65536-5000)/256;
  38   1              TL0 = (65536-5000)%256;
  39   1              k++;
  40   1              if( k>=20 && flag ==1 ) {
  41   2                      k = 0;
  42   2                      P2 = ~( 0x80 >> i );
  43   2                      i++;
  44   2                      if( i > 6 ){
  45   3                              i = 0;
  46   3                              flag = 0;
  47   3                      }               
  48   2              }
  49   1      
  50   1              if( k >= 20 && flag == 0 ){
  51   2                      k = 0;
  52   2                      P2 = ~( 0x01 << i );
  53   2                      i++;
  54   2                      if( i > 6 ){
  55   3                              i = 0;
C51 COMPILER V9.56.0.0   MAIN                                                              12/30/2016 14:17:46 PAGE 2   

  56   3                              flag = 1;
  57   3                      } 
  58   2              }
  59   1      }


MODULE INFORMATION:   STATIC OVERLAYABLE
   CODE SIZE        =    148    ----
   CONSTANT SIZE    =   ----    ----
   XDATA SIZE       =   ----    ----
   PDATA SIZE       =   ----    ----
   DATA SIZE        =      3    ----
   IDATA SIZE       =   ----    ----
   BIT SIZE         =   ----    ----
END OF MODULE INFORMATION.


C51 COMPILATION COMPLETE.  0 WARNING(S),  0 ERROR(S)
