C51 COMPILER V9.01   MAIN                                                                  11/16/2016 14:14:30 PAGE 1   


C51 COMPILER V9.01, COMPILATION OF MODULE MAIN
OBJECT MODULE PLACED IN main.OBJ
COMPILER INVOKED BY: F:\Program Files\Keil_v5\C51\BIN\C51.EXE main.c BROWSE DEBUG OBJECTEXTEND

line level    source

   1          #include"main.h"
   2          
   3          u8 i;
   4          u8 keyval = 0;
   5          
   6          
   7          void main()
   8          {
   9   1              init();
  10   1              EA = 1;
  11   1              while(1) 
  12   1              {
  13   2                      if(keyval != 0) 
  14   2                      {
  15   3                              if(keyval == 1) {
  16   4                                      P2 = 0xfd;
  17   4                                      delayms(500);
  18   4                                      P2 = 0xff;
  19   4                                      delayms(500);
  20   4                              }else if(keyval == 2){
  21   4                                      P2 = 0xfe;
  22   4                                      delayms(500);
  23   4                                      P2 = 0xff;
  24   4                                      delayms(500);
  25   4                              }       
  26   3                      }                               
  27   2              }               
  28   1      }
  29          
  30          void init()
  31          {
  32   1              P2 = 0xff;
  33   1              IT0 = 0;
  34   1              EX0 = 1;
  35   1              IT1 = 0;
  36   1              EX1 = 1;
  37   1      }
  38          
  39          void ex0_isr(void) interrupt 0
  40          {
  41   1              delayms(20);
  42   1              if((P3 & (1<<2)) == 0) {
  43   2                      keyval = 1;
  44   2              }
  45   1      }
  46          
  47          void ex1_isr(void) interrupt 2
  48          {
  49   1              delayms(20);
  50   1              if((P3 & (1<<3)) == 0) {
  51   2                      keyval = 2;
  52   2              }
  53   1      }


C51 COMPILER V9.01   MAIN                                                                  11/16/2016 14:14:30 PAGE 2   

MODULE INFORMATION:   STATIC OVERLAYABLE
   CODE SIZE        =    215    ----
   CONSTANT SIZE    =   ----    ----
   XDATA SIZE       =   ----    ----
   PDATA SIZE       =   ----    ----
   DATA SIZE        =      2    ----
   IDATA SIZE       =   ----    ----
   BIT SIZE         =   ----    ----
END OF MODULE INFORMATION.


C51 COMPILATION COMPLETE.  0 WARNING(S),  0 ERROR(S)
