C51 COMPILER V9.01   1602                                                                  11/16/2016 13:46:55 PAGE 1   


C51 COMPILER V9.01, COMPILATION OF MODULE 1602
OBJECT MODULE PLACED IN 1602.OBJ
COMPILER INVOKED BY: F:\Program Files\Keil_v5\C51\BIN\C51.EXE 1602.c BROWSE DEBUG OBJECTEXTEND

line level    source

   1          #include"main.h"
   2          
   3          void lcd_init()
   4          {
   5   1              lcden=0;
   6   1              lcdrw=0;
   7   1              write_cmd(0x38);
   8   1              write_cmd(0x0c);
   9   1              write_cmd(0x06);
  10   1              write_cmd(0x01);                
  11   1      }
  12          
  13          void write_cmd(u8 cmd)
  14          {
  15   1              lcden = 0;
  16   1              lcdrw = 0;
  17   1              lcdrs = 0;
  18   1              lcd_cmd = cmd;
  19   1              delayms(5);
  20   1              lcden = 1;
  21   1              delayms(5);
  22   1              lcden = 0;
  23   1      }
  24          
  25          void write_dat(u8 dat)
  26          {
  27   1              lcden = 0;
  28   1              lcdrw = 0;
  29   1              lcdrs = 1;
  30   1              lcd_dat = dat;
  31   1              delayms(5);
  32   1              lcden = 1;
  33   1              delayms(5);
  34   1              lcden = 0; 
  35   1      }
  36          
  37          /*
  38                  lcd 1602 display function
  39                  row : 1 , 2...
  40                  wei : n to left  0--f...
  41                  buf : display string
  42                  
  43                  by hongXkeX
  44                  2016.11.16   
  45          */
  46          void lcd_dischar(u8 row, u8 wei, u8* buf)
  47          {
  48   1              if(row == 1) {
  49   2                      write_cmd(0x80 | wei);  
  50   2              }else {
  51   2                      write_cmd(0xc0 | wei);
  52   2              }
  53   1              while(*buf != '\0') {
  54   2                      write_dat(*buf);
  55   2                      buf++;
C51 COMPILER V9.01   1602                                                                  11/16/2016 13:46:55 PAGE 2   

  56   2                      delayms(5);
  57   2              }       
  58   1      }


MODULE INFORMATION:   STATIC OVERLAYABLE
   CODE SIZE        =    137    ----
   CONSTANT SIZE    =   ----    ----
   XDATA SIZE       =   ----    ----
   PDATA SIZE       =   ----    ----
   DATA SIZE        =   ----       4
   IDATA SIZE       =   ----    ----
   BIT SIZE         =   ----    ----
END OF MODULE INFORMATION.


C51 COMPILATION COMPLETE.  0 WARNING(S),  0 ERROR(S)
