C51 COMPILER V9.01   MAIN                                                                  11/16/2016 13:47:35 PAGE 1   


C51 COMPILER V9.01, COMPILATION OF MODULE MAIN
OBJECT MODULE PLACED IN main.OBJ
COMPILER INVOKED BY: F:\Program Files\Keil_v5\C51\BIN\C51.EXE main.c BROWSE DEBUG OBJECTEXTEND

line level    source

   1          #include <reg52.h>
   2          #include "main.h"
   3          
   4          void main()
   5          {
   6   1              init_mcu();
   7   1              lcd_init();     
   8   1              lcd_dischar(1, 0, "hongXkeX");
   9   1              lcd_dischar(2, 2, "201418010219");
  10   1              while(1);
  11   1      }
  12          
  13          void init_mcu()
  14          {
  15   1              
  16   1      }
  17          


MODULE INFORMATION:   STATIC OVERLAYABLE
   CODE SIZE        =     35    ----
   CONSTANT SIZE    =     22    ----
   XDATA SIZE       =   ----    ----
   PDATA SIZE       =   ----    ----
   DATA SIZE        =   ----    ----
   IDATA SIZE       =   ----    ----
   BIT SIZE         =   ----    ----
END OF MODULE INFORMATION.


C51 COMPILATION COMPLETE.  0 WARNING(S),  0 ERROR(S)
