C51 COMPILER V9.56.0.0   MAIN                                                              12/11/2016 16:27:21 PAGE 1   


C51 COMPILER V9.56.0.0, COMPILATION OF MODULE MAIN
OBJECT MODULE PLACED IN main.OBJ
COMPILER INVOKED BY: F:\Keil_v5\C51\BIN\C51.EXE main.c OPTIMIZE(8,SPEED) BROWSE DEBUG OBJECTEXTEND

line level    source

   1          #include "main.h"
   2          
   3          sbit HC573_LE = P1^0;
   4          sbit DIN = P3^4;
   5          sbit CS = P3^5;
   6          sbit DOUT = P3^7;
   7          sbit SCK = P3^6;
   8          
   9          u8 code LedTable[] = { 0x3f, 0x06, 0x5B, 0x4f, 0x66,
  10                                                     0x6d, 0x7d, 0x07, 0x7f, 0x6f, 0};
  11          
  12          u8 DisBuf[8];
  13          u16 AdcVal;
  14          float Temp;
  15          
  16          void main()
  17          {
  18   1              delayms(500);
  19   1              init();
  20   1              while(1) 
  21   1              {
  22   2                      AdcVal = ReadADC(0x97);
*** WARNING C206 IN LINE 22 OF main.c: 'ReadADC': missing function-prototype
*** ERROR C267 IN LINE 22 OF main.c: 'ReadADC': requires ANSI-style prototype
  23   2                      Temp = AdcVal * 2.50 / 4096.0;
  24   2                      AdcVal = Temp * 1000;
  25   2                      DisBuf[3] = AdcVal / 1000;
  26   2                      
  27   2                      AdcVal = AdcVal % 1000;
  28   2                      DisBuf[2] = ( AdcVal / 100 );
  29   2                      AdcVal = AdcVal % 100;
  30   2                      DisBuf[1] = ( AdcVal / 10 );
  31   2                      DisBuf[0] = AdcVal % 10;
  32   2                      DisplayChar( DisBuf, 8 );
  33   2                      
  34   2              }               
  35   1      }
  36          
  37          void init()
  38          {
  39   1              u8 i;
  40   1              P2 = 0xff;
  41   1              SCK = 0;
  42   1              CS = 1;
  43   1              
  44   1              for( i = 0; i < 8; i++ ) {
  45   2                      DisBuf[i] = i + 1;
  46   2              }
  47   1      
  48   1      }
  49          
  50          u16 ReadADC(u8 cmd)
  51          {
*** ERROR C231 IN LINE 51 OF main.c: 'ReadADC': redefinition
  52   1              u8 i;
C51 COMPILER V9.56.0.0   MAIN                                                              12/11/2016 16:27:21 PAGE 2   

  53   1              u16 dat = 0;
  54   1              CS = 0;
  55   1              for( i = 0; i < 8; i++ ) {
  56   2                      SCK = 0;
  57   2                      if( cmd & 0x80 ) {
  58   3                              DIN = 1;
  59   3                      } else {
  60   3                              DIN = 0;
  61   3                      }
  62   2                      SCK = 1;
  63   2                      cmd = cmd << 1;
  64   2              }
  65   1              for( i = 0; i < 16; i++ ) {
  66   2                      SCK = 0;
  67   2                      dat = dat << 1;
  68   2                      SCK = 1;
  69   2                      dat |= DOUT;
  70   2              }
  71   1              SCK = 0;
  72   1              CS = 1;
  73   1              return ( ( dat >> 3 ) & 0xfff );
  74   1      }
*** ERROR C231 IN LINE 74 OF main.c: 'ReadADC': redefinition
  75          
  76          void DisplayChar(u8* buf, u8 lth)
  77          {
  78   1              u8 i;
  79   1              if(lth>8) lth = 8;
  80   1              for(i=0; i<lth; i++)
  81   1              {
  82   2                      DisplayLed(buf[i], i);  
  83   2                      delay300us();
  84   2              }
  85   1              for(; i<8;i++) 
  86   1              {
  87   2                      DisplayLed(10, i);
  88   2                      delay300us();                   
  89   2              }
  90   1      }
  91          
  92          /*
  93                  set ledteble[seg] in num
  94                  num:0-7
  95                  seg:0-10
  96          */                                                        
  97          void DisplayLed(u8 seg, u8 num)
  98          {
  99   1              P0 = 0;   
 100   1              if(seg > 10 || num > 7) return;
 101   1              tep &= ~(7<<2);  
*** ERROR C202 IN LINE 101 OF main.c: 'tep': undefined identifier
 102   1              tep |= num<<2;   
*** ERROR C202 IN LINE 102 OF main.c: 'tep': undefined identifier
 103   1              P2 = tep;
*** ERROR C202 IN LINE 103 OF main.c: 'tep': undefined identifier
 104   1              _nop_();
 105   1              _nop_();
 106   1              P0 = ledteble[seg];
*** ERROR C202 IN LINE 106 OF main.c: 'ledteble': undefined identifier
 107   1              _nop_();
 108   1      }
 109          
C51 COMPILER V9.56.0.0   MAIN                                                              12/11/2016 16:27:21 PAGE 3   


C51 COMPILATION COMPLETE.  1 WARNING(S),  7 ERROR(S)
