C51 COMPILER V9.01   MAIN                                                                  11/16/2016 12:39:10 PAGE 1   


C51 COMPILER V9.01, COMPILATION OF MODULE MAIN
OBJECT MODULE PLACED IN main.OBJ
COMPILER INVOKED BY: F:\Program Files\Keil_v5\C51\BIN\C51.EXE main.c BROWSE DEBUG OBJECTEXTEND

line level    source

   1          #include"main.h"
   2          
   3          sbit hc573_le = P1^0;
   4          u8 code ledteble[11] = {0x3f,0x06,0x5b,0x4f,0x66,0x6d,0x7d,0x07,0x7f,0x6f,0};
   5          u8 code Disbuff[8] = {9,1,2,0,4,1,0,2};
   6          unsigned char tep = 0;
   7          
   8          void main()
   9          {
  10   1              init_mcu();
  11   1              
  12   1              while(1) 
  13   1              {
  14   2                      
  15   2                      // ¾²Ì¬É¨Ãæ
  16   2                      //displayLed(1, 0);
  17   2                      //displayLed(2, 1);
  18   2                      //delayms(2);
  19   2                      
  20   2                      // ¶¯Ì¬É¨Ãè
  21   2                      /*
  22   2                      u8 i;
  23   2                      for(i=0; i<8; i++) 
  24   2                      {
  25   2                              displayLed(i+1, i);
  26   2                              delay300us();
  27   2                      }
  28   2                      */      
  29   2                      displayChar(Disbuff, 8);        
  30   2              }               
  31   1      }
  32          
  33          void init_mcu()
  34          {
  35   1              P2 = 0xff;
  36   1              hc573_le = 1;
  37   1      }
  38          
  39          
  40          void displayChar(u8* buf, u8 lth)
  41          {
  42   1              u8 i;
  43   1              if(lth>8) lth = 8;
  44   1              for(i=0; i<lth; i++)
  45   1              {
  46   2                      displayLed(buf[i], i);  
  47   2                      delay300us();
  48   2              }
  49   1              for(; i<8;i++) 
  50   1              {
  51   2                      displayLed(10, i);
  52   2                      delay300us();                   
  53   2              }
  54   1      }
  55          
C51 COMPILER V9.01   MAIN                                                                  11/16/2016 12:39:10 PAGE 2   

  56          /*
  57                  set ledteble[seg] in num
  58                  num:0-7
  59                  seg:0-10
  60          */                                                        
  61          void displayLed(u8 seg, u8 num)
  62          {
  63   1              P0 = 0;   
  64   1              if(seg > 10 || num > 7) return;
  65   1              tep &= ~(7<<2);  
  66   1              tep |= num<<2;   
  67   1              P2 = tep;
  68   1              _nop_();
  69   1              _nop_();
  70   1              P0 = ledteble[seg];
  71   1              _nop_();
  72   1      }
  73          
  74          


MODULE INFORMATION:   STATIC OVERLAYABLE
   CODE SIZE        =    138    ----
   CONSTANT SIZE    =     19    ----
   XDATA SIZE       =   ----    ----
   PDATA SIZE       =   ----    ----
   DATA SIZE        =      1       5
   IDATA SIZE       =   ----    ----
   BIT SIZE         =   ----    ----
END OF MODULE INFORMATION.


C51 COMPILATION COMPLETE.  0 WARNING(S),  0 ERROR(S)
