C51 COMPILER V9.56.0.0   DELAY                                                             12/11/2016 11:38:53 PAGE 1   


C51 COMPILER V9.56.0.0, COMPILATION OF MODULE DELAY
OBJECT MODULE PLACED IN delay.OBJ
COMPILER INVOKED BY: F:\Keil_v5\C51\BIN\C51.EXE delay.c OPTIMIZE(8,SPEED) BROWSE DEBUG OBJECTEXTEND

line level    source

   1          #include "main.h"
   2          
   3          void delay1ms()
   4          {
   5   1              u8 i, j;
   6   1              i = 12;
   7   1              j = 169;
   8   1              do
   9   1              {
  10   2                      while (--j);
  11   2              } while (--i);
  12   1      }
  13          
  14          void delay_ms(u16 ms) 
  15          {
  16   1              while(ms--) 
  17   1              {
  18   2                      delay1ms();     
  19   2              }       
  20   1      }
  21          
  22          void delayms(u16 x)
  23          {
  24   1              u16 i, j;
  25   1              for(i = x; i > 0; i--)
  26   1                      for(j = 111; j > 0; j--);
  27   1      }
  28          


MODULE INFORMATION:   STATIC OVERLAYABLE
   CODE SIZE        =     59    ----
   CONSTANT SIZE    =   ----    ----
   XDATA SIZE       =   ----    ----
   PDATA SIZE       =   ----    ----
   DATA SIZE        =   ----    ----
   IDATA SIZE       =   ----    ----
   BIT SIZE         =   ----    ----
END OF MODULE INFORMATION.


C51 COMPILATION COMPLETE.  0 WARNING(S),  0 ERROR(S)
