C51 COMPILER V9.56.0.0   MAIN                                                              12/30/2016 15:48:24 PAGE 1   


C51 COMPILER V9.56.0.0, COMPILATION OF MODULE MAIN
OBJECT MODULE PLACED IN main.OBJ
COMPILER INVOKED BY: F:\Keil_v5\C51\BIN\C51.EXE main.c OPTIMIZE(8,SPEED) BROWSE DEBUG OBJECTEXTEND

line level    source

   1          /*
   2                  独立按键控制小灯亮
   3                  by hongke 2016-11-9
   4          
   5          */
   6          #include "main.h"
   7          
   8          sbit key1 = P3^0;
   9          sbit led1 = P2^0;
  10          
  11          sbit key2 = P3^1;
  12          sbit led2 = P2^1;
  13          
  14          u16 timer = 0;
  15          
  16          void main()
  17          {
  18   1              init_mcu();
  19   1              while(1)
  20   1              {
  21   2                      if(key1 == 0) {
  22   3                              delayms(20);
  23   3                              if(key1 == 0) {
  24   4                                      led1 = ~led1;
  25   4                                      timer = 0; 
  26   4                                      while(!key1 && timer++<800) 
  27   4                                      {               
  28   5                                              delay1ms(); 
  29   5                                      }
  30   4                              }               
  31   3                      }
  32   2                                              
  33   2                      if(key2 == 0) {
  34   3                              delayms(20);
  35   3                              if(key2 == 0) {    
  36   4                                      led2 = ~led2;
  37   4                                      timer = 0; 
  38   4                                      while(!key2 && timer++<800) 
  39   4                                      {               
  40   5                                              delay1ms(); 
  41   5                                      }
  42   4                              }               
  43   3                      }                       
  44   2              }       
  45   1      }
  46          
  47          void init_mcu()
  48          {
  49   1              key1 = 1;
  50   1              key2 = 1;
  51   1              P2 = 0xff;      
  52   1      }


MODULE INFORMATION:   STATIC OVERLAYABLE
C51 COMPILER V9.56.0.0   MAIN                                                              12/30/2016 15:48:24 PAGE 2   

   CODE SIZE        =    105    ----
   CONSTANT SIZE    =   ----    ----
   XDATA SIZE       =   ----    ----
   PDATA SIZE       =   ----    ----
   DATA SIZE        =      2    ----
   IDATA SIZE       =   ----    ----
   BIT SIZE         =   ----    ----
END OF MODULE INFORMATION.


C51 COMPILATION COMPLETE.  0 WARNING(S),  0 ERROR(S)
