C51 COMPILER V9.01   MAIN                                                                  11/14/2016 16:07:55 PAGE 1   


C51 COMPILER V9.01, COMPILATION OF MODULE MAIN
OBJECT MODULE PLACED IN main.OBJ
COMPILER INVOKED BY: F:\Program Files\Keil_v5\C51\BIN\C51.EXE main.c BROWSE DEBUG OBJECTEXTEND

line level    source

   1          #include"main.h"
   2          
   3          sbit led1 = P2^0;
   4          
   5          void main()
   6          {
   7   1              init_mcu();
   8   1              while(1) 
   9   1              {
  10   2                      led1 = 0;
  11   2                      delayms(500);
  12   2                      led1 = 1;
  13   2                      delayms(500);                                   
  14   2              }               
  15   1      }
  16          
  17          void init_mcu()
  18          {
  19   1              P2 = 0xff;
  20   1      }


MODULE INFORMATION:   STATIC OVERLAYABLE
   CODE SIZE        =     27    ----
   CONSTANT SIZE    =   ----    ----
   XDATA SIZE       =   ----    ----
   PDATA SIZE       =   ----    ----
   DATA SIZE        =   ----    ----
   IDATA SIZE       =   ----    ----
   BIT SIZE         =   ----    ----
END OF MODULE INFORMATION.


C51 COMPILATION COMPLETE.  0 WARNING(S),  0 ERROR(S)
