C51 COMPILER V9.56.0.0   MAIN                                                              11/21/2016 20:19:02 PAGE 1   


C51 COMPILER V9.56.0.0, COMPILATION OF MODULE MAIN
OBJECT MODULE PLACED IN main.OBJ
COMPILER INVOKED BY: F:\Keil_v5\C51\BIN\C51.EXE main.c OPTIMIZE(8,SPEED) BROWSE DEBUG OBJECTEXTEND

line level    source

   1          /*-----------------------------------------------
   2            名称：秒表
   3            编写：hongXkeX
   4            日期：2016.11.17
   5            修改：无
   6            内容：实现0-99 秒 的 秒表的自动运行
   7          ------------------------------------------------*/
   8          
   9          #include "main.h"
  10          
  11          sbit hc573_le = P1^0;
  12          unsigned char tep = 0;
  13          unsigned char code ledteble[11] = {0x3f,0x06,0x5b,0x4f,0x66,0x6d,0x7d,0x07,0x7f,0x6f,0};
  14          unsigned char Disbuff[9] = {0,0,0,2};
  15          unsigned char k = 0;
  16          u8 s = 0;
  17          
  18          /*------------------------------------------------
  19                              主程序
  20          ------------------------------------------------*/
  21          void main()
  22          {
  23   1              init();
  24   1              EA = 1;         //总中断打开
  25   1              while(1) 
  26   1              {
  27   2                      //静态扫面
  28   2                      //displayLed(1, 1);
  29   2                      //displayLed(2, 1);
  30   2                      //delayms(2);
  31   2                      
  32   2                      // 动态扫描
  33   2                      /*
  34   2                      u8 i;
  35   2                      for(i=0; i<8; i++) 
  36   2                      {
  37   2                              displayLed(i+1, i);
  38   2                              delay300us();
  39   2                      }
  40   2                      */      
  41   2      //              displayChar2(Disbuff, 3, 3);            
  42   2      //              displayChar(Disbuff, 3);
  43   2                      displayChar(Disbuff, 2);
  44   2                      if( k >= 20 ) {          // for 1s
  45   3                              k = 0;
  46   3                              s++;
  47   3                              if(s > 99) s = 0;
  48   3                              Disbuff[1] = s/10;
  49   3                              Disbuff[2] = s%10;
  50   3                      }
  51   2              }               
  52   1      }
  53          
  54          
  55          /*------------------------------------------------
C51 COMPILER V9.56.0.0   MAIN                                                              11/21/2016 20:19:02 PAGE 2   

  56                       单片机初始化子程序
  57          ------------------------------------------------*/
  58          void init()
  59          {
  60   1              t0_init();
  61   1              P2 = 0xff;
  62   1              hc573_le = 1;
  63   1      }
  64          
  65          /*------------------------------------------------
  66                        显示多位数码管子程序 1
  67          ------------------------------------------------*/
  68          void displayChar(u8* buf, u8 len)
  69          {
  70   1              u8 i;
  71   1              if( len > 8 )  len = 8;
  72   1              for(i = 1; i <= len; i++ )
  73   1              {
  74   2                      displayLed(i, buf[i]);  
  75   2                      delay300us();
  76   2              }
  77   1              for( ; i <= 8; i++ ) 
  78   1              {
  79   2                      displayLed(i, 10);
  80   2                      delay300us();                   
  81   2              }
  82   1      }
  83          
  84          
  85          /*------------------------------------------------
  86                        显示多位数码管子程序 2
  87          ------------------------------------------------*/
  88          void displayChar2(u8* buf, u8 begin, u8 len)
  89          {
  90   1              u8 i;
  91   1              if( (begin + len) > 8 )  len = 8 - begin;
  92   1              for(i = 1; i <= len; i++ )
  93   1              {
  94   2                      displayLed(begin, buf[i]);      
  95   2                      delay300us();
  96   2                      begin++;
  97   2              }
  98   1              for( ; i <= 8; i++ ) 
  99   1              {
 100   2                      displayLed(i, 10);
 101   2                      delay300us();                   
 102   2              }
 103   1      }
 104          
 105                                                            
 106          /*------------------------------------------------
 107                         显示单独数码管子程序
 108                  
 109                  show ledteble[seg] in add
 110                  add:1 2 3 4 5 6 7 8
 111                  seg:0 ~ 9    10 is none
 112          ------------------------------------------------*/
 113          void displayLed(u8 add, u8 seg)
 114          {
 115   1              P0 = 0;   
 116   1              if(seg > 10 || add > 7) return;
 117   1              add = 8 - add;                          // 优化                 
C51 COMPILER V9.56.0.0   MAIN                                                              11/21/2016 20:19:02 PAGE 3   

 118   1              tep &= ~(7<<2);  
 119   1              tep |= add<<2;   
 120   1              P2 = tep;
 121   1              _nop_();
 122   1              _nop_();
 123   1              P0 = ledteble[seg];
 124   1              _nop_();
 125   1      }
 126          
 127          /*------------------------------------------------
 128                        定时器0初始化子程序
 129          ------------------------------------------------*/
 130          void t0_init()
 131          {
 132   1              TMOD &= (0xf0);            
 133   1              TMOD |= (0x01);     //使用模式1，16位定时器
 134   1      
 135   1              TH0 = (65536-50000)/256;
 136   1              TL0 = (65536-50000)%256;
 137   1              
 138   1              ET0 = 1;                //定时器中断打开
 139   1              TR0 = 1;                //定时器开关打开
 140   1      }
 141          
 142          /*------------------------------------------------
 143                          定时器0中断子程序
 144          ------------------------------------------------*/
 145          void t0_isr() interrupt 1
 146          {
 147   1              TH0 = (65536-50000)/256;    
 148   1              TL0 = (65536-50000)%256;   
 149   1          k++;
 150   1      }
 151          


MODULE INFORMATION:   STATIC OVERLAYABLE
   CODE SIZE        =    305    ----
   CONSTANT SIZE    =     11    ----
   XDATA SIZE       =   ----    ----
   PDATA SIZE       =   ----    ----
   DATA SIZE        =     12      11
   IDATA SIZE       =   ----    ----
   BIT SIZE         =   ----    ----
END OF MODULE INFORMATION.


C51 COMPILATION COMPLETE.  0 WARNING(S),  0 ERROR(S)
